<?xml version="1.0" encoding="UTF-8"?>
<testsuite name="com.dmahony.e220chat.SlashCommandUtilsTest" tests="3" skipped="0" failures="0" errors="0" timestamp="2026-04-26T07:03:02.364Z" hostname="7070" time="0.015">
  <properties/>
  <testcase name="build maps link uses google maps url with coordinates" classname="com.dmahony.e220chat.SlashCommandUtilsTest" time="0.007"/>
  <testcase name="build gps message prefixes the location link" classname="com.dmahony.e220chat.SlashCommandUtilsTest" time="0.001"/>
  <testcase name="extract clickable message links finds maps urls in text" classname="com.dmahony.e220chat.SlashCommandUtilsTest" time="0.007"/>
  <system-out><![CDATA[]]></system-out>
  <system-err><![CDATA[]]></system-err>
</testsuite>
