<?xml version="1.0" encoding="UTF-8"?>
<testsuite name="com.dmahony.e220chat.TransportRetryTest" tests="3" skipped="0" failures="0" errors="0" timestamp="2026-04-26T07:03:02.381Z" hostname="7070" time="0.532">
  <properties/>
  <testcase name="retryTransportFailure does not retry non transport exceptions" classname="com.dmahony.e220chat.TransportRetryTest" time="0.025"/>
  <testcase name="retryTransportFailure retries once after io exception" classname="com.dmahony.e220chat.TransportRetryTest" time="0.506"/>
  <testcase name="readLineWithTimeout reads newline terminated response" classname="com.dmahony.e220chat.TransportRetryTest" time="0.001"/>
  <system-out><![CDATA[]]></system-out>
  <system-err><![CDATA[]]></system-err>
</testsuite>
