<?xml version="1.0" encoding="UTF-8"?>
<testsuite name="com.dmahony.e220chat.SerializationMigrationTest" tests="2" skipped="0" failures="0" errors="0" timestamp="2026-04-26T07:03:02.361Z" hostname="7070" time="0.001">
  <properties/>
  <testcase name="build send request returns kotlinx serialized json string" classname="com.dmahony.e220chat.SerializationMigrationTest" time="0.0"/>
  <testcase name="parse chat response accepts a raw json string" classname="com.dmahony.e220chat.SerializationMigrationTest" time="0.0"/>
  <system-out><![CDATA[]]></system-out>
  <system-err><![CDATA[]]></system-err>
</testsuite>
